  AppMain.cpp
D:\Coding\Programs\Software Graphics\Graphics Project\Graphics Project\InputCallbackFunctions.h(15,15): warning C4244: 'initializing': conversion from 'int' to 'GLfloat', possible loss of data
D:\Coding\Programs\Software Graphics\Graphics Project\Graphics Project\InputCallbackFunctions.h(15,40): warning C4244: 'initializing': conversion from 'int' to 'GLfloat', possible loss of data
D:\Coding\Programs\Software Graphics\Graphics Project\Graphics Project\InputCallbackFunctions.h(32,11): warning C4244: '=': conversion from 'double' to 'GLfloat', possible loss of data
D:\Coding\Programs\Software Graphics\Graphics Project\Graphics Project\InputCallbackFunctions.h(33,11): warning C4244: '=': conversion from 'double' to 'GLfloat', possible loss of data
D:\Coding\Programs\Software Graphics\Graphics Project\Graphics Project\InputCallbackFunctions.h(38,17): warning C4244: '=': conversion from 'double' to 'GLfloat', possible loss of data
D:\Coding\Programs\Software Graphics\Graphics Project\Graphics Project\InputCallbackFunctions.h(39,17): warning C4244: '=': conversion from 'double' to 'GLfloat', possible loss of data
D:\Coding\Programs\Software Graphics\Graphics Project\Graphics Project\InputCallbackFunctions.h(40,10): warning C4244: '=': conversion from 'double' to 'GLfloat', possible loss of data
D:\Coding\Programs\Software Graphics\Graphics Project\Graphics Project\InputCallbackFunctions.h(41,10): warning C4244: '=': conversion from 'double' to 'GLfloat', possible loss of data
D:\Coding\Programs\Software Graphics\Graphics Project\Graphics Project\InputCallbackFunctions.h(88,24): warning C4244: '-=': conversion from 'double' to 'GLfloat', possible loss of data
D:\Coding\Programs\Software Graphics\Graphics Project\Graphics Project\AppMain.cpp(22,36): warning C4305: 'initializing': truncation from 'double' to 'float'
D:\Coding\Programs\Software Graphics\Graphics Project\Graphics Project\AppMain.cpp(138,24): warning C4244: 'initializing': conversion from 'double' to 'GLfloat', possible loss of data
LINK : warning LNK4098: defaultlib 'LIBCMT' conflicts with use of other libs; use /NODEFAULTLIB:library
LINK : warning LNK4098: defaultlib 'MSVCRT' conflicts with use of other libs; use /NODEFAULTLIB:library
SOIL.lib(image_DXT.obj) : warning LNK4099: PDB 'vc110.pdb' was not found with 'SOIL.lib(image_DXT.obj)' or at 'D:\Coding\Programs\Software Graphics\Graphics Project\Debug\vc110.pdb'; linking object as if no debug info
SOIL.lib(image_helper.obj) : warning LNK4099: PDB 'vc110.pdb' was not found with 'SOIL.lib(image_helper.obj)' or at 'D:\Coding\Programs\Software Graphics\Graphics Project\Debug\vc110.pdb'; linking object as if no debug info
SOIL.lib(SOIL.obj) : warning LNK4099: PDB 'vc110.pdb' was not found with 'SOIL.lib(SOIL.obj)' or at 'D:\Coding\Programs\Software Graphics\Graphics Project\Debug\vc110.pdb'; linking object as if no debug info
SOIL.lib(stb_image_aug.obj) : warning LNK4099: PDB 'vc110.pdb' was not found with 'SOIL.lib(stb_image_aug.obj)' or at 'D:\Coding\Programs\Software Graphics\Graphics Project\Debug\vc110.pdb'; linking object as if no debug info
glew32s.lib(glew.obj) : warning LNK4099: PDB 'vc120.pdb' was not found with 'glew32s.lib(glew.obj)' or at 'D:\Coding\Programs\Software Graphics\Graphics Project\Debug\vc120.pdb'; linking object as if no debug info
  Graphics Project.vcxproj -> D:\Coding\Programs\Software Graphics\Graphics Project\Debug\Graphics Project.exe
